<?xml version="1.0" encoding="UTF-8"?>
<testng-results ignored="0" total="133" passed="133" failed="0" skipped="0">
  <reporter-output>
  </reporter-output>
  <suite started-at="2023-05-08T15:08:38 CDT" name="Default suite" finished-at="2023-05-08T15:12:43 CDT" duration-ms="245113">
    <groups>
      <group name="cucumber">
        <method signature="AbstractTestNGCucumberTests.runScenario(io.cucumber.testng.PickleWrapper,io.cucumber.testng.FeatureWrapper)[pri:0, instance:testRunner.TestRunner@22ef9844]" name="runScenario" class="io.cucumber.testng.AbstractTestNGCucumberTests"/>
      </group> <!-- cucumber -->
    </groups>
    <test started-at="2023-05-08T15:08:38 CDT" name="Default test" finished-at="2023-05-08T15:12:43 CDT" duration-ms="245113">
      <class name="testRunner.TestRunner">
        <test-method is-config="true" signature="setUpClass(org.testng.ITestContext)[pri:0, instance:testRunner.TestRunner@22ef9844]" started-at="2023-05-08T15:08:38 CDT" name="setUpClass" finished-at="2023-05-08T15:08:42 CDT" duration-ms="3965" status="PASS">
          <params>
            <param index="0">
              <value>
                <![CDATA[org.testng.TestRunner@2e4752cc]]>
              </value>
            </param>
          </params>
          <reporter-output>
          </reporter-output>
        </test-method> <!-- setUpClass -->
        <test-method signature="runScenario(io.cucumber.testng.PickleWrapper,io.cucumber.testng.FeatureWrapper)[pri:0, instance:testRunner.TestRunner@22ef9844]" started-at="2023-05-08T15:08:42 CDT" name="runScenario" description="Runs Cucumber Scenarios" data-provider="scenarios" finished-at="2023-05-08T15:08:43 CDT" duration-ms="1292" status="PASS">
          <params>
            <param index="0">
              <value>
                <![CDATA["The user should be able to open the Ds-Algo portal home page"]]>
              </value>
            </param>
            <param index="1">
              <value>
                <![CDATA["Optional[To ensure the browser open up with DS-Algo "Get Started" page]"]]>
              </value>
            </param>
          </params>
          <reporter-output>
          </reporter-output>
        </test-method> <!-- runScenario -->
        <test-method signature="runScenario(io.cucumber.testng.PickleWrapper,io.cucumber.testng.FeatureWrapper)[pri:0, instance:testRunner.TestRunner@22ef9844]" started-at="2023-05-08T15:08:43 CDT" name="runScenario" description="Runs Cucumber Scenarios" data-provider="scenarios" finished-at="2023-05-08T15:08:44 CDT" duration-ms="643" status="PASS">
          <params>
            <param index="0">
              <value>
                <![CDATA["User is on Home page and click getstarted button on home page without sign in"]]>
              </value>
            </param>
            <param index="1">
              <value>
                <![CDATA["Optional[To ensure the browser open up with DS-Algo "Get Started" page]"]]>
              </value>
            </param>
          </params>
          <reporter-output>
          </reporter-output>
        </test-method> <!-- runScenario -->
        <test-method signature="runScenario(io.cucumber.testng.PickleWrapper,io.cucumber.testng.FeatureWrapper)[pri:0, instance:testRunner.TestRunner@22ef9844]" started-at="2023-05-08T15:08:44 CDT" name="runScenario" description="Runs Cucumber Scenarios" data-provider="scenarios" finished-at="2023-05-08T15:08:44 CDT" duration-ms="543" status="PASS">
          <params>
            <param index="0">
              <value>
                <![CDATA["User is on Home page and click getstarted button on home page without sign in"]]>
              </value>
            </param>
            <param index="1">
              <value>
                <![CDATA["Optional[To ensure the browser open up with DS-Algo "Get Started" page]"]]>
              </value>
            </param>
          </params>
          <reporter-output>
          </reporter-output>
        </test-method> <!-- runScenario -->
        <test-method signature="runScenario(io.cucumber.testng.PickleWrapper,io.cucumber.testng.FeatureWrapper)[pri:0, instance:testRunner.TestRunner@22ef9844]" started-at="2023-05-08T15:08:44 CDT" name="runScenario" description="Runs Cucumber Scenarios" data-provider="scenarios" finished-at="2023-05-08T15:08:45 CDT" duration-ms="596" status="PASS">
          <params>
            <param index="0">
              <value>
                <![CDATA["User is on Home page and click getstarted button on home page without sign in"]]>
              </value>
            </param>
            <param index="1">
              <value>
                <![CDATA["Optional[To ensure the browser open up with DS-Algo "Get Started" page]"]]>
              </value>
            </param>
          </params>
          <reporter-output>
          </reporter-output>
        </test-method> <!-- runScenario -->
        <test-method signature="runScenario(io.cucumber.testng.PickleWrapper,io.cucumber.testng.FeatureWrapper)[pri:0, instance:testRunner.TestRunner@22ef9844]" started-at="2023-05-08T15:08:45 CDT" name="runScenario" description="Runs Cucumber Scenarios" data-provider="scenarios" finished-at="2023-05-08T15:08:45 CDT" duration-ms="489" status="PASS">
          <params>
            <param index="0">
              <value>
                <![CDATA["User is on Home page and click getstarted button on home page without sign in"]]>
              </value>
            </param>
            <param index="1">
              <value>
                <![CDATA["Optional[To ensure the browser open up with DS-Algo "Get Started" page]"]]>
              </value>
            </param>
          </params>
          <reporter-output>
          </reporter-output>
        </test-method> <!-- runScenario -->
        <test-method signature="runScenario(io.cucumber.testng.PickleWrapper,io.cucumber.testng.FeatureWrapper)[pri:0, instance:testRunner.TestRunner@22ef9844]" started-at="2023-05-08T15:08:45 CDT" name="runScenario" description="Runs Cucumber Scenarios" data-provider="scenarios" finished-at="2023-05-08T15:08:46 CDT" duration-ms="506" status="PASS">
          <params>
            <param index="0">
              <value>
                <![CDATA["User is on Home page and click getstarted button on home page without sign in"]]>
              </value>
            </param>
            <param index="1">
              <value>
                <![CDATA["Optional[To ensure the browser open up with DS-Algo "Get Started" page]"]]>
              </value>
            </param>
          </params>
          <reporter-output>
          </reporter-output>
        </test-method> <!-- runScenario -->
        <test-method signature="runScenario(io.cucumber.testng.PickleWrapper,io.cucumber.testng.FeatureWrapper)[pri:0, instance:testRunner.TestRunner@22ef9844]" started-at="2023-05-08T15:08:46 CDT" name="runScenario" description="Runs Cucumber Scenarios" data-provider="scenarios" finished-at="2023-05-08T15:08:46 CDT" duration-ms="505" status="PASS">
          <params>
            <param index="0">
              <value>
                <![CDATA["User is on Home page and click getstarted button on home page without sign in"]]>
              </value>
            </param>
            <param index="1">
              <value>
                <![CDATA["Optional[To ensure the browser open up with DS-Algo "Get Started" page]"]]>
              </value>
            </param>
          </params>
          <reporter-output>
          </reporter-output>
        </test-method> <!-- runScenario -->
        <test-method signature="runScenario(io.cucumber.testng.PickleWrapper,io.cucumber.testng.FeatureWrapper)[pri:0, instance:testRunner.TestRunner@22ef9844]" started-at="2023-05-08T15:08:46 CDT" name="runScenario" description="Runs Cucumber Scenarios" data-provider="scenarios" finished-at="2023-05-08T15:08:47 CDT" duration-ms="593" status="PASS">
          <params>
            <param index="0">
              <value>
                <![CDATA["User is on Home page and click getstarted button on home page without sign in"]]>
              </value>
            </param>
            <param index="1">
              <value>
                <![CDATA["Optional[To ensure the browser open up with DS-Algo "Get Started" page]"]]>
              </value>
            </param>
          </params>
          <reporter-output>
          </reporter-output>
        </test-method> <!-- runScenario -->
        <test-method signature="runScenario(io.cucumber.testng.PickleWrapper,io.cucumber.testng.FeatureWrapper)[pri:0, instance:testRunner.TestRunner@22ef9844]" started-at="2023-05-08T15:08:47 CDT" name="runScenario" description="Runs Cucumber Scenarios" data-provider="scenarios" finished-at="2023-05-08T15:08:50 CDT" duration-ms="2714" status="PASS">
          <params>
            <param index="0">
              <value>
                <![CDATA["User is on Home page and click on dropdown without sign in"]]>
              </value>
            </param>
            <param index="1">
              <value>
                <![CDATA["Optional[To ensure the browser open up with DS-Algo "Get Started" page]"]]>
              </value>
            </param>
          </params>
          <reporter-output>
          </reporter-output>
        </test-method> <!-- runScenario -->
        <test-method signature="runScenario(io.cucumber.testng.PickleWrapper,io.cucumber.testng.FeatureWrapper)[pri:0, instance:testRunner.TestRunner@22ef9844]" started-at="2023-05-08T15:08:50 CDT" name="runScenario" description="Runs Cucumber Scenarios" data-provider="scenarios" finished-at="2023-05-08T15:08:50 CDT" duration-ms="388" status="PASS">
          <params>
            <param index="0">
              <value>
                <![CDATA["User is on Home page and click on sign in"]]>
              </value>
            </param>
            <param index="1">
              <value>
                <![CDATA["Optional[To ensure the browser open up with DS-Algo "Get Started" page]"]]>
              </value>
            </param>
          </params>
          <reporter-output>
          </reporter-output>
        </test-method> <!-- runScenario -->
        <test-method signature="runScenario(io.cucumber.testng.PickleWrapper,io.cucumber.testng.FeatureWrapper)[pri:0, instance:testRunner.TestRunner@22ef9844]" started-at="2023-05-08T15:08:50 CDT" name="runScenario" description="Runs Cucumber Scenarios" data-provider="scenarios" finished-at="2023-05-08T15:08:50 CDT" duration-ms="383" status="PASS">
          <params>
            <param index="0">
              <value>
                <![CDATA["User is on Home page and click on Register"]]>
              </value>
            </param>
            <param index="1">
              <value>
                <![CDATA["Optional[To ensure the browser open up with DS-Algo "Get Started" page]"]]>
              </value>
            </param>
          </params>
          <reporter-output>
          </reporter-output>
        </test-method> <!-- runScenario -->
        <test-method signature="runScenario(io.cucumber.testng.PickleWrapper,io.cucumber.testng.FeatureWrapper)[pri:0, instance:testRunner.TestRunner@22ef9844]" started-at="2023-05-08T15:08:50 CDT" name="runScenario" description="Runs Cucumber Scenarios" data-provider="scenarios" finished-at="2023-05-08T15:08:51 CDT" duration-ms="826" status="PASS">
          <params>
            <param index="0">
              <value>
                <![CDATA["Navigating  to register page from ds-algo portal"]]>
              </value>
            </param>
            <param index="1">
              <value>
                <![CDATA["Optional[Register]"]]>
              </value>
            </param>
          </params>
          <reporter-output>
          </reporter-output>
        </test-method> <!-- runScenario -->
        <test-method signature="runScenario(io.cucumber.testng.PickleWrapper,io.cucumber.testng.FeatureWrapper)[pri:0, instance:testRunner.TestRunner@22ef9844]" started-at="2023-05-08T15:08:51 CDT" name="runScenario" description="Runs Cucumber Scenarios" data-provider="scenarios" finished-at="2023-05-08T15:08:52 CDT" duration-ms="538" status="PASS">
          <params>
            <param index="0">
              <value>
                <![CDATA["Navigating to Login page from Register page"]]>
              </value>
            </param>
            <param index="1">
              <value>
                <![CDATA["Optional[Register]"]]>
              </value>
            </param>
          </params>
          <reporter-output>
          </reporter-output>
        </test-method> <!-- runScenario -->
        <test-method signature="runScenario(io.cucumber.testng.PickleWrapper,io.cucumber.testng.FeatureWrapper)[pri:0, instance:testRunner.TestRunner@22ef9844]" started-at="2023-05-08T15:08:52 CDT" name="runScenario" description="Runs Cucumber Scenarios" data-provider="scenarios" finished-at="2023-05-08T15:08:52 CDT" duration-ms="663" status="PASS">
          <params>
            <param index="0">
              <value>
                <![CDATA["Validating registration with empty fields"]]>
              </value>
            </param>
            <param index="1">
              <value>
                <![CDATA["Optional[Register]"]]>
              </value>
            </param>
          </params>
          <reporter-output>
          </reporter-output>
        </test-method> <!-- runScenario -->
        <test-method signature="runScenario(io.cucumber.testng.PickleWrapper,io.cucumber.testng.FeatureWrapper)[pri:0, instance:testRunner.TestRunner@22ef9844]" started-at="2023-05-08T15:08:52 CDT" name="runScenario" description="Runs Cucumber Scenarios" data-provider="scenarios" finished-at="2023-05-08T15:08:54 CDT" duration-ms="1873" status="PASS">
          <params>
            <param index="0">
              <value>
                <![CDATA["Validating registration with valid username and empty password field"]]>
              </value>
            </param>
            <param index="1">
              <value>
                <![CDATA["Optional[Register]"]]>
              </value>
            </param>
          </params>
          <reporter-output>
          </reporter-output>
        </test-method> <!-- runScenario -->
        <test-method signature="runScenario(io.cucumber.testng.PickleWrapper,io.cucumber.testng.FeatureWrapper)[pri:0, instance:testRunner.TestRunner@22ef9844]" started-at="2023-05-08T15:08:54 CDT" name="runScenario" description="Runs Cucumber Scenarios" data-provider="scenarios" finished-at="2023-05-08T15:08:56 CDT" duration-ms="1559" status="PASS">
          <params>
            <param index="0">
              <value>
                <![CDATA["Validating registration with valid username, Password and empty password confirmation field"]]>
              </value>
            </param>
            <param index="1">
              <value>
                <![CDATA["Optional[Register]"]]>
              </value>
            </param>
          </params>
          <reporter-output>
          </reporter-output>
        </test-method> <!-- runScenario -->
        <test-method signature="runScenario(io.cucumber.testng.PickleWrapper,io.cucumber.testng.FeatureWrapper)[pri:0, instance:testRunner.TestRunner@22ef9844]" started-at="2023-05-08T15:08:56 CDT" name="runScenario" description="Runs Cucumber Scenarios" data-provider="scenarios" finished-at="2023-05-08T15:08:58 CDT" duration-ms="1791" status="PASS">
          <params>
            <param index="0">
              <value>
                <![CDATA["Validate password mismatch"]]>
              </value>
            </param>
            <param index="1">
              <value>
                <![CDATA["Optional[Register]"]]>
              </value>
            </param>
          </params>
          <reporter-output>
          </reporter-output>
        </test-method> <!-- runScenario -->
        <test-method signature="runScenario(io.cucumber.testng.PickleWrapper,io.cucumber.testng.FeatureWrapper)[pri:0, instance:testRunner.TestRunner@22ef9844]" started-at="2023-05-08T15:08:58 CDT" name="runScenario" description="Runs Cucumber Scenarios" data-provider="scenarios" finished-at="2023-05-08T15:08:58 CDT" duration-ms="536" status="PASS">
          <params>
            <param index="0">
              <value>
                <![CDATA["Validating registration with valid Password, Password  confirmation field and empty Username field"]]>
              </value>
            </param>
            <param index="1">
              <value>
                <![CDATA["Optional[Register]"]]>
              </value>
            </param>
          </params>
          <reporter-output>
          </reporter-output>
        </test-method> <!-- runScenario -->
        <test-method signature="runScenario(io.cucumber.testng.PickleWrapper,io.cucumber.testng.FeatureWrapper)[pri:0, instance:testRunner.TestRunner@22ef9844]" started-at="2023-05-08T15:08:58 CDT" name="runScenario" description="Runs Cucumber Scenarios" data-provider="scenarios" finished-at="2023-05-08T15:09:01 CDT" duration-ms="2757" status="PASS">
          <params>
            <param index="0">
              <value>
                <![CDATA["Navigating to Login Page from ds algo portal"]]>
              </value>
            </param>
            <param index="1">
              <value>
                <![CDATA["Optional[SignIn Functionality]"]]>
              </value>
            </param>
          </params>
          <reporter-output>
          </reporter-output>
        </test-method> <!-- runScenario -->
        <test-method signature="runScenario(io.cucumber.testng.PickleWrapper,io.cucumber.testng.FeatureWrapper)[pri:0, instance:testRunner.TestRunner@22ef9844]" started-at="2023-05-08T15:09:01 CDT" name="runScenario" description="Runs Cucumber Scenarios" data-provider="scenarios" finished-at="2023-05-08T15:09:05 CDT" duration-ms="4582" status="PASS">
          <params>
            <param index="0">
              <value>
                <![CDATA["Validating Login with valid and invalid credentials"]]>
              </value>
            </param>
            <param index="1">
              <value>
                <![CDATA["Optional[SignIn Functionality]"]]>
              </value>
            </param>
          </params>
          <reporter-output>
          </reporter-output>
        </test-method> <!-- runScenario -->
        <test-method signature="runScenario(io.cucumber.testng.PickleWrapper,io.cucumber.testng.FeatureWrapper)[pri:0, instance:testRunner.TestRunner@22ef9844]" started-at="2023-05-08T15:09:05 CDT" name="runScenario" description="Runs Cucumber Scenarios" data-provider="scenarios" finished-at="2023-05-08T15:09:08 CDT" duration-ms="2842" status="PASS">
          <params>
            <param index="0">
              <value>
                <![CDATA["Validating Login with valid and invalid credentials"]]>
              </value>
            </param>
            <param index="1">
              <value>
                <![CDATA["Optional[SignIn Functionality]"]]>
              </value>
            </param>
          </params>
          <reporter-output>
          </reporter-output>
        </test-method> <!-- runScenario -->
        <test-method signature="runScenario(io.cucumber.testng.PickleWrapper,io.cucumber.testng.FeatureWrapper)[pri:0, instance:testRunner.TestRunner@22ef9844]" started-at="2023-05-08T15:09:08 CDT" name="runScenario" description="Runs Cucumber Scenarios" data-provider="scenarios" finished-at="2023-05-08T15:09:11 CDT" duration-ms="3129" status="PASS">
          <params>
            <param index="0">
              <value>
                <![CDATA["Validating Login with valid and invalid credentials"]]>
              </value>
            </param>
            <param index="1">
              <value>
                <![CDATA["Optional[SignIn Functionality]"]]>
              </value>
            </param>
          </params>
          <reporter-output>
          </reporter-output>
        </test-method> <!-- runScenario -->
        <test-method signature="runScenario(io.cucumber.testng.PickleWrapper,io.cucumber.testng.FeatureWrapper)[pri:0, instance:testRunner.TestRunner@22ef9844]" started-at="2023-05-08T15:09:11 CDT" name="runScenario" description="Runs Cucumber Scenarios" data-provider="scenarios" finished-at="2023-05-08T15:09:12 CDT" duration-ms="856" status="PASS">
          <params>
            <param index="0">
              <value>
                <![CDATA["Validating Login with either of the password and username fields empty"]]>
              </value>
            </param>
            <param index="1">
              <value>
                <![CDATA["Optional[SignIn Functionality]"]]>
              </value>
            </param>
          </params>
          <reporter-output>
          </reporter-output>
        </test-method> <!-- runScenario -->
        <test-method signature="runScenario(io.cucumber.testng.PickleWrapper,io.cucumber.testng.FeatureWrapper)[pri:0, instance:testRunner.TestRunner@22ef9844]" started-at="2023-05-08T15:09:12 CDT" name="runScenario" description="Runs Cucumber Scenarios" data-provider="scenarios" finished-at="2023-05-08T15:09:13 CDT" duration-ms="759" status="PASS">
          <params>
            <param index="0">
              <value>
                <![CDATA["Validating Login with either of the password and username fields empty"]]>
              </value>
            </param>
            <param index="1">
              <value>
                <![CDATA["Optional[SignIn Functionality]"]]>
              </value>
            </param>
          </params>
          <reporter-output>
          </reporter-output>
        </test-method> <!-- runScenario -->
        <test-method signature="runScenario(io.cucumber.testng.PickleWrapper,io.cucumber.testng.FeatureWrapper)[pri:0, instance:testRunner.TestRunner@22ef9844]" started-at="2023-05-08T15:09:13 CDT" name="runScenario" description="Runs Cucumber Scenarios" data-provider="scenarios" finished-at="2023-05-08T15:09:14 CDT" duration-ms="575" status="PASS">
          <params>
            <param index="0">
              <value>
                <![CDATA["Validating signout"]]>
              </value>
            </param>
            <param index="1">
              <value>
                <![CDATA["Optional[SignIn Functionality]"]]>
              </value>
            </param>
          </params>
          <reporter-output>
          </reporter-output>
        </test-method> <!-- runScenario -->
        <test-method signature="runScenario(io.cucumber.testng.PickleWrapper,io.cucumber.testng.FeatureWrapper)[pri:0, instance:testRunner.TestRunner@22ef9844]" started-at="2023-05-08T15:09:14 CDT" name="runScenario" description="Runs Cucumber Scenarios" data-provider="scenarios" finished-at="2023-05-08T15:09:25 CDT" duration-ms="11603" status="PASS">
          <params>
            <param index="0">
              <value>
                <![CDATA["Validating the Data Structure Introduction page feature"]]>
              </value>
            </param>
            <param index="1">
              <value>
                <![CDATA["Optional[Data Structruce feature]"]]>
              </value>
            </param>
          </params>
          <reporter-output>
          </reporter-output>
        </test-method> <!-- runScenario -->
        <test-method signature="runScenario(io.cucumber.testng.PickleWrapper,io.cucumber.testng.FeatureWrapper)[pri:0, instance:testRunner.TestRunner@22ef9844]" started-at="2023-05-08T15:09:25 CDT" name="runScenario" description="Runs Cucumber Scenarios" data-provider="scenarios" finished-at="2023-05-08T15:09:26 CDT" duration-ms="702" status="PASS">
          <params>
            <param index="0">
              <value>
                <![CDATA["Validate Array page"]]>
              </value>
            </param>
            <param index="1">
              <value>
                <![CDATA["Optional[Array]"]]>
              </value>
            </param>
          </params>
          <reporter-output>
          </reporter-output>
        </test-method> <!-- runScenario -->
        <test-method signature="runScenario(io.cucumber.testng.PickleWrapper,io.cucumber.testng.FeatureWrapper)[pri:0, instance:testRunner.TestRunner@22ef9844]" started-at="2023-05-08T15:09:26 CDT" name="runScenario" description="Runs Cucumber Scenarios" data-provider="scenarios" finished-at="2023-05-08T15:09:28 CDT" duration-ms="2168" status="PASS">
          <params>
            <param index="0">
              <value>
                <![CDATA["Validate 'Arrays in Python' link"]]>
              </value>
            </param>
            <param index="1">
              <value>
                <![CDATA["Optional[Array]"]]>
              </value>
            </param>
          </params>
          <reporter-output>
          </reporter-output>
        </test-method> <!-- runScenario -->
        <test-method signature="runScenario(io.cucumber.testng.PickleWrapper,io.cucumber.testng.FeatureWrapper)[pri:0, instance:testRunner.TestRunner@22ef9844]" started-at="2023-05-08T15:09:28 CDT" name="runScenario" description="Runs Cucumber Scenarios" data-provider="scenarios" finished-at="2023-05-08T15:09:29 CDT" duration-ms="1069" status="PASS">
          <params>
            <param index="0">
              <value>
                <![CDATA["Validate 'Arrays Using List' link"]]>
              </value>
            </param>
            <param index="1">
              <value>
                <![CDATA["Optional[Array]"]]>
              </value>
            </param>
          </params>
          <reporter-output>
          </reporter-output>
        </test-method> <!-- runScenario -->
        <test-method signature="runScenario(io.cucumber.testng.PickleWrapper,io.cucumber.testng.FeatureWrapper)[pri:0, instance:testRunner.TestRunner@22ef9844]" started-at="2023-05-08T15:09:29 CDT" name="runScenario" description="Runs Cucumber Scenarios" data-provider="scenarios" finished-at="2023-05-08T15:09:30 CDT" duration-ms="1139" status="PASS">
          <params>
            <param index="0">
              <value>
                <![CDATA["Validate 'Applications of Array' link"]]>
              </value>
            </param>
            <param index="1">
              <value>
                <![CDATA["Optional[Array]"]]>
              </value>
            </param>
          </params>
          <reporter-output>
          </reporter-output>
        </test-method> <!-- runScenario -->
        <test-method signature="runScenario(io.cucumber.testng.PickleWrapper,io.cucumber.testng.FeatureWrapper)[pri:0, instance:testRunner.TestRunner@22ef9844]" started-at="2023-05-08T15:09:30 CDT" name="runScenario" description="Runs Cucumber Scenarios" data-provider="scenarios" finished-at="2023-05-08T15:09:33 CDT" duration-ms="2553" status="PASS">
          <params>
            <param index="0">
              <value>
                <![CDATA["Validate  python code for Arrays in Python TryEditor"]]>
              </value>
            </param>
            <param index="1">
              <value>
                <![CDATA["Optional[Array]"]]>
              </value>
            </param>
          </params>
          <reporter-output>
          </reporter-output>
        </test-method> <!-- runScenario -->
        <test-method signature="runScenario(io.cucumber.testng.PickleWrapper,io.cucumber.testng.FeatureWrapper)[pri:0, instance:testRunner.TestRunner@22ef9844]" started-at="2023-05-08T15:09:33 CDT" name="runScenario" description="Runs Cucumber Scenarios" data-provider="scenarios" finished-at="2023-05-08T15:09:35 CDT" duration-ms="2581" status="PASS">
          <params>
            <param index="0">
              <value>
                <![CDATA["Validation invalid python code for Arrays in Python TryEditor"]]>
              </value>
            </param>
            <param index="1">
              <value>
                <![CDATA["Optional[Array]"]]>
              </value>
            </param>
          </params>
          <reporter-output>
          </reporter-output>
        </test-method> <!-- runScenario -->
        <test-method signature="runScenario(io.cucumber.testng.PickleWrapper,io.cucumber.testng.FeatureWrapper)[pri:0, instance:testRunner.TestRunner@22ef9844]" started-at="2023-05-08T15:09:36 CDT" name="runScenario" description="Runs Cucumber Scenarios" data-provider="scenarios" finished-at="2023-05-08T15:09:38 CDT" duration-ms="2525" status="PASS">
          <params>
            <param index="0">
              <value>
                <![CDATA["Validate  python code for Arrays using List TryEditor"]]>
              </value>
            </param>
            <param index="1">
              <value>
                <![CDATA["Optional[Array]"]]>
              </value>
            </param>
          </params>
          <reporter-output>
          </reporter-output>
        </test-method> <!-- runScenario -->
        <test-method signature="runScenario(io.cucumber.testng.PickleWrapper,io.cucumber.testng.FeatureWrapper)[pri:0, instance:testRunner.TestRunner@22ef9844]" started-at="2023-05-08T15:09:38 CDT" name="runScenario" description="Runs Cucumber Scenarios" data-provider="scenarios" finished-at="2023-05-08T15:09:41 CDT" duration-ms="2550" status="PASS">
          <params>
            <param index="0">
              <value>
                <![CDATA["Validation invalid python code for Arrays using List TryEditor"]]>
              </value>
            </param>
            <param index="1">
              <value>
                <![CDATA["Optional[Array]"]]>
              </value>
            </param>
          </params>
          <reporter-output>
          </reporter-output>
        </test-method> <!-- runScenario -->
        <test-method signature="runScenario(io.cucumber.testng.PickleWrapper,io.cucumber.testng.FeatureWrapper)[pri:0, instance:testRunner.TestRunner@22ef9844]" started-at="2023-05-08T15:09:41 CDT" name="runScenario" description="Runs Cucumber Scenarios" data-provider="scenarios" finished-at="2023-05-08T15:09:43 CDT" duration-ms="2681" status="PASS">
          <params>
            <param index="0">
              <value>
                <![CDATA["Validate  python code for Basic Operations in List TryEditor"]]>
              </value>
            </param>
            <param index="1">
              <value>
                <![CDATA["Optional[Array]"]]>
              </value>
            </param>
          </params>
          <reporter-output>
          </reporter-output>
        </test-method> <!-- runScenario -->
        <test-method signature="runScenario(io.cucumber.testng.PickleWrapper,io.cucumber.testng.FeatureWrapper)[pri:0, instance:testRunner.TestRunner@22ef9844]" started-at="2023-05-08T15:09:43 CDT" name="runScenario" description="Runs Cucumber Scenarios" data-provider="scenarios" finished-at="2023-05-08T15:09:46 CDT" duration-ms="2664" status="PASS">
          <params>
            <param index="0">
              <value>
                <![CDATA["Validation invalid python code for Basic operations in List TryEditor"]]>
              </value>
            </param>
            <param index="1">
              <value>
                <![CDATA["Optional[Array]"]]>
              </value>
            </param>
          </params>
          <reporter-output>
          </reporter-output>
        </test-method> <!-- runScenario -->
        <test-method signature="runScenario(io.cucumber.testng.PickleWrapper,io.cucumber.testng.FeatureWrapper)[pri:0, instance:testRunner.TestRunner@22ef9844]" started-at="2023-05-08T15:09:46 CDT" name="runScenario" description="Runs Cucumber Scenarios" data-provider="scenarios" finished-at="2023-05-08T15:09:48 CDT" duration-ms="2213" status="PASS">
          <params>
            <param index="0">
              <value>
                <![CDATA["Validate  python code for Applications of Array TryEditor"]]>
              </value>
            </param>
            <param index="1">
              <value>
                <![CDATA["Optional[Array]"]]>
              </value>
            </param>
          </params>
          <reporter-output>
          </reporter-output>
        </test-method> <!-- runScenario -->
        <test-method signature="runScenario(io.cucumber.testng.PickleWrapper,io.cucumber.testng.FeatureWrapper)[pri:0, instance:testRunner.TestRunner@22ef9844]" started-at="2023-05-08T15:09:48 CDT" name="runScenario" description="Runs Cucumber Scenarios" data-provider="scenarios" finished-at="2023-05-08T15:09:51 CDT" duration-ms="2580" status="PASS">
          <params>
            <param index="0">
              <value>
                <![CDATA["Validation invalid python code for Applications of Array TryEditor"]]>
              </value>
            </param>
            <param index="1">
              <value>
                <![CDATA["Optional[Array]"]]>
              </value>
            </param>
          </params>
          <reporter-output>
          </reporter-output>
        </test-method> <!-- runScenario -->
        <test-method signature="runScenario(io.cucumber.testng.PickleWrapper,io.cucumber.testng.FeatureWrapper)[pri:0, instance:testRunner.TestRunner@22ef9844]" started-at="2023-05-08T15:09:51 CDT" name="runScenario" description="Runs Cucumber Scenarios" data-provider="scenarios" finished-at="2023-05-08T15:09:51 CDT" duration-ms="594" status="PASS">
          <params>
            <param index="0">
              <value>
                <![CDATA["Validate 'Practice Questions' link"]]>
              </value>
            </param>
            <param index="1">
              <value>
                <![CDATA["Optional[Array]"]]>
              </value>
            </param>
          </params>
          <reporter-output>
          </reporter-output>
        </test-method> <!-- runScenario -->
        <test-method signature="runScenario(io.cucumber.testng.PickleWrapper,io.cucumber.testng.FeatureWrapper)[pri:0, instance:testRunner.TestRunner@22ef9844]" started-at="2023-05-08T15:09:51 CDT" name="runScenario" description="Runs Cucumber Scenarios" data-provider="scenarios" finished-at="2023-05-08T15:09:54 CDT" duration-ms="2913" status="PASS">
          <params>
            <param index="0">
              <value>
                <![CDATA["Validate TryEditor for 'Search for array' in Practice Questions"]]>
              </value>
            </param>
            <param index="1">
              <value>
                <![CDATA["Optional[Array]"]]>
              </value>
            </param>
          </params>
          <reporter-output>
          </reporter-output>
        </test-method> <!-- runScenario -->
        <test-method signature="runScenario(io.cucumber.testng.PickleWrapper,io.cucumber.testng.FeatureWrapper)[pri:0, instance:testRunner.TestRunner@22ef9844]" started-at="2023-05-08T15:09:54 CDT" name="runScenario" description="Runs Cucumber Scenarios" data-provider="scenarios" finished-at="2023-05-08T15:09:58 CDT" duration-ms="3814" status="PASS">
          <params>
            <param index="0">
              <value>
                <![CDATA["Validate TryEditor for 'Max consecutive ones' in Practice Questions"]]>
              </value>
            </param>
            <param index="1">
              <value>
                <![CDATA["Optional[Array]"]]>
              </value>
            </param>
          </params>
          <reporter-output>
          </reporter-output>
        </test-method> <!-- runScenario -->
        <test-method signature="runScenario(io.cucumber.testng.PickleWrapper,io.cucumber.testng.FeatureWrapper)[pri:0, instance:testRunner.TestRunner@22ef9844]" started-at="2023-05-08T15:09:58 CDT" name="runScenario" description="Runs Cucumber Scenarios" data-provider="scenarios" finished-at="2023-05-08T15:10:02 CDT" duration-ms="3345" status="PASS">
          <params>
            <param index="0">
              <value>
                <![CDATA["Validate TryEditor for 'Find Numbers with Even number of digits' in Practice Questions"]]>
              </value>
            </param>
            <param index="1">
              <value>
                <![CDATA["Optional[Array]"]]>
              </value>
            </param>
          </params>
          <reporter-output>
          </reporter-output>
        </test-method> <!-- runScenario -->
        <test-method signature="runScenario(io.cucumber.testng.PickleWrapper,io.cucumber.testng.FeatureWrapper)[pri:0, instance:testRunner.TestRunner@22ef9844]" started-at="2023-05-08T15:10:02 CDT" name="runScenario" description="Runs Cucumber Scenarios" data-provider="scenarios" finished-at="2023-05-08T15:10:05 CDT" duration-ms="3483" status="PASS">
          <params>
            <param index="0">
              <value>
                <![CDATA["Validate TryEditor for 'Squares of a sorted array' in Practice Questions"]]>
              </value>
            </param>
            <param index="1">
              <value>
                <![CDATA["Optional[Array]"]]>
              </value>
            </param>
          </params>
          <reporter-output>
          </reporter-output>
        </test-method> <!-- runScenario -->
        <test-method signature="runScenario(io.cucumber.testng.PickleWrapper,io.cucumber.testng.FeatureWrapper)[pri:0, instance:testRunner.TestRunner@22ef9844]" started-at="2023-05-08T15:10:05 CDT" name="runScenario" description="Runs Cucumber Scenarios" data-provider="scenarios" finished-at="2023-05-08T15:10:06 CDT" duration-ms="1280" status="PASS">
          <params>
            <param index="0">
              <value>
                <![CDATA["Validating the Linked List page features"]]>
              </value>
            </param>
            <param index="1">
              <value>
                <![CDATA["Optional[Vadilating the LinkedList page and its features]"]]>
              </value>
            </param>
          </params>
          <reporter-output>
          </reporter-output>
        </test-method> <!-- runScenario -->
        <test-method signature="runScenario(io.cucumber.testng.PickleWrapper,io.cucumber.testng.FeatureWrapper)[pri:0, instance:testRunner.TestRunner@22ef9844]" started-at="2023-05-08T15:10:06 CDT" name="runScenario" description="Runs Cucumber Scenarios" data-provider="scenarios" finished-at="2023-05-08T15:10:07 CDT" duration-ms="784" status="PASS">
          <params>
            <param index="0">
              <value>
                <![CDATA["Verifying valid code in the text editor - Intro page"]]>
              </value>
            </param>
            <param index="1">
              <value>
                <![CDATA["Optional[Vadilating the LinkedList page and its features]"]]>
              </value>
            </param>
          </params>
          <reporter-output>
          </reporter-output>
        </test-method> <!-- runScenario -->
        <test-method signature="runScenario(io.cucumber.testng.PickleWrapper,io.cucumber.testng.FeatureWrapper)[pri:0, instance:testRunner.TestRunner@22ef9844]" started-at="2023-05-08T15:10:07 CDT" name="runScenario" description="Runs Cucumber Scenarios" data-provider="scenarios" finished-at="2023-05-08T15:10:11 CDT" duration-ms="3816" status="PASS">
          <params>
            <param index="0">
              <value>
                <![CDATA["Verifying invalid code in the text editor - Intro page"]]>
              </value>
            </param>
            <param index="1">
              <value>
                <![CDATA["Optional[Vadilating the LinkedList page and its features]"]]>
              </value>
            </param>
          </params>
          <reporter-output>
          </reporter-output>
        </test-method> <!-- runScenario -->
        <test-method signature="runScenario(io.cucumber.testng.PickleWrapper,io.cucumber.testng.FeatureWrapper)[pri:0, instance:testRunner.TestRunner@22ef9844]" started-at="2023-05-08T15:10:11 CDT" name="runScenario" description="Runs Cucumber Scenarios" data-provider="scenarios" finished-at="2023-05-08T15:10:12 CDT" duration-ms="961" status="PASS">
          <params>
            <param index="0">
              <value>
                <![CDATA["Validating Creating Linked List link and its features"]]>
              </value>
            </param>
            <param index="1">
              <value>
                <![CDATA["Optional[Vadilating the LinkedList page and its features]"]]>
              </value>
            </param>
          </params>
          <reporter-output>
          </reporter-output>
        </test-method> <!-- runScenario -->
        <test-method signature="runScenario(io.cucumber.testng.PickleWrapper,io.cucumber.testng.FeatureWrapper)[pri:0, instance:testRunner.TestRunner@22ef9844]" started-at="2023-05-08T15:10:12 CDT" name="runScenario" description="Runs Cucumber Scenarios" data-provider="scenarios" finished-at="2023-05-08T15:10:12 CDT" duration-ms="468" status="PASS">
          <params>
            <param index="0">
              <value>
                <![CDATA["Verifying valid code in the text editor in Creating Linked List -  page"]]>
              </value>
            </param>
            <param index="1">
              <value>
                <![CDATA["Optional[Vadilating the LinkedList page and its features]"]]>
              </value>
            </param>
          </params>
          <reporter-output>
          </reporter-output>
        </test-method> <!-- runScenario -->
        <test-method signature="runScenario(io.cucumber.testng.PickleWrapper,io.cucumber.testng.FeatureWrapper)[pri:0, instance:testRunner.TestRunner@22ef9844]" started-at="2023-05-08T15:10:12 CDT" name="runScenario" description="Runs Cucumber Scenarios" data-provider="scenarios" finished-at="2023-05-08T15:10:16 CDT" duration-ms="3759" status="PASS">
          <params>
            <param index="0">
              <value>
                <![CDATA["Verifying invalid code in the text editor in Creating Linked List -  page"]]>
              </value>
            </param>
            <param index="1">
              <value>
                <![CDATA["Optional[Vadilating the LinkedList page and its features]"]]>
              </value>
            </param>
          </params>
          <reporter-output>
          </reporter-output>
        </test-method> <!-- runScenario -->
        <test-method signature="runScenario(io.cucumber.testng.PickleWrapper,io.cucumber.testng.FeatureWrapper)[pri:0, instance:testRunner.TestRunner@22ef9844]" started-at="2023-05-08T15:10:16 CDT" name="runScenario" description="Runs Cucumber Scenarios" data-provider="scenarios" finished-at="2023-05-08T15:10:17 CDT" duration-ms="875" status="PASS">
          <params>
            <param index="0">
              <value>
                <![CDATA["Validating Types of Linked List link and its features"]]>
              </value>
            </param>
            <param index="1">
              <value>
                <![CDATA["Optional[Vadilating the LinkedList page and its features]"]]>
              </value>
            </param>
          </params>
          <reporter-output>
          </reporter-output>
        </test-method> <!-- runScenario -->
        <test-method signature="runScenario(io.cucumber.testng.PickleWrapper,io.cucumber.testng.FeatureWrapper)[pri:0, instance:testRunner.TestRunner@22ef9844]" started-at="2023-05-08T15:10:17 CDT" name="runScenario" description="Runs Cucumber Scenarios" data-provider="scenarios" finished-at="2023-05-08T15:10:17 CDT" duration-ms="492" status="PASS">
          <params>
            <param index="0">
              <value>
                <![CDATA["Verifying valid code in the text editor in Types of Linked List -  page"]]>
              </value>
            </param>
            <param index="1">
              <value>
                <![CDATA["Optional[Vadilating the LinkedList page and its features]"]]>
              </value>
            </param>
          </params>
          <reporter-output>
          </reporter-output>
        </test-method> <!-- runScenario -->
        <test-method signature="runScenario(io.cucumber.testng.PickleWrapper,io.cucumber.testng.FeatureWrapper)[pri:0, instance:testRunner.TestRunner@22ef9844]" started-at="2023-05-08T15:10:17 CDT" name="runScenario" description="Runs Cucumber Scenarios" data-provider="scenarios" finished-at="2023-05-08T15:10:21 CDT" duration-ms="3811" status="PASS">
          <params>
            <param index="0">
              <value>
                <![CDATA["Verifying invalid code in the text editor in Types of Linked List -  page"]]>
              </value>
            </param>
            <param index="1">
              <value>
                <![CDATA["Optional[Vadilating the LinkedList page and its features]"]]>
              </value>
            </param>
          </params>
          <reporter-output>
          </reporter-output>
        </test-method> <!-- runScenario -->
        <test-method signature="runScenario(io.cucumber.testng.PickleWrapper,io.cucumber.testng.FeatureWrapper)[pri:0, instance:testRunner.TestRunner@22ef9844]" started-at="2023-05-08T15:10:21 CDT" name="runScenario" description="Runs Cucumber Scenarios" data-provider="scenarios" finished-at="2023-05-08T15:10:22 CDT" duration-ms="752" status="PASS">
          <params>
            <param index="0">
              <value>
                <![CDATA["Validating Implement Linked List in Python link and its features"]]>
              </value>
            </param>
            <param index="1">
              <value>
                <![CDATA["Optional[Vadilating the LinkedList page and its features]"]]>
              </value>
            </param>
          </params>
          <reporter-output>
          </reporter-output>
        </test-method> <!-- runScenario -->
        <test-method signature="runScenario(io.cucumber.testng.PickleWrapper,io.cucumber.testng.FeatureWrapper)[pri:0, instance:testRunner.TestRunner@22ef9844]" started-at="2023-05-08T15:10:22 CDT" name="runScenario" description="Runs Cucumber Scenarios" data-provider="scenarios" finished-at="2023-05-08T15:10:23 CDT" duration-ms="471" status="PASS">
          <params>
            <param index="0">
              <value>
                <![CDATA["Verifying valid code in the text editor in Implement Linked List in Python page"]]>
              </value>
            </param>
            <param index="1">
              <value>
                <![CDATA["Optional[Vadilating the LinkedList page and its features]"]]>
              </value>
            </param>
          </params>
          <reporter-output>
          </reporter-output>
        </test-method> <!-- runScenario -->
        <test-method signature="runScenario(io.cucumber.testng.PickleWrapper,io.cucumber.testng.FeatureWrapper)[pri:0, instance:testRunner.TestRunner@22ef9844]" started-at="2023-05-08T15:10:23 CDT" name="runScenario" description="Runs Cucumber Scenarios" data-provider="scenarios" finished-at="2023-05-08T15:10:26 CDT" duration-ms="3819" status="PASS">
          <params>
            <param index="0">
              <value>
                <![CDATA["Verifying invalid code in the text editor in Implement Linked List in Python page"]]>
              </value>
            </param>
            <param index="1">
              <value>
                <![CDATA["Optional[Vadilating the LinkedList page and its features]"]]>
              </value>
            </param>
          </params>
          <reporter-output>
          </reporter-output>
        </test-method> <!-- runScenario -->
        <test-method signature="runScenario(io.cucumber.testng.PickleWrapper,io.cucumber.testng.FeatureWrapper)[pri:0, instance:testRunner.TestRunner@22ef9844]" started-at="2023-05-08T15:10:26 CDT" name="runScenario" description="Runs Cucumber Scenarios" data-provider="scenarios" finished-at="2023-05-08T15:10:27 CDT" duration-ms="739" status="PASS">
          <params>
            <param index="0">
              <value>
                <![CDATA["Validating Traversal link and its features"]]>
              </value>
            </param>
            <param index="1">
              <value>
                <![CDATA["Optional[Vadilating the LinkedList page and its features]"]]>
              </value>
            </param>
          </params>
          <reporter-output>
          </reporter-output>
        </test-method> <!-- runScenario -->
        <test-method signature="runScenario(io.cucumber.testng.PickleWrapper,io.cucumber.testng.FeatureWrapper)[pri:0, instance:testRunner.TestRunner@22ef9844]" started-at="2023-05-08T15:10:27 CDT" name="runScenario" description="Runs Cucumber Scenarios" data-provider="scenarios" finished-at="2023-05-08T15:10:28 CDT" duration-ms="902" status="PASS">
          <params>
            <param index="0">
              <value>
                <![CDATA["Verifying valid code in the text editor in Traversal page"]]>
              </value>
            </param>
            <param index="1">
              <value>
                <![CDATA["Optional[Vadilating the LinkedList page and its features]"]]>
              </value>
            </param>
          </params>
          <reporter-output>
          </reporter-output>
        </test-method> <!-- runScenario -->
        <test-method signature="runScenario(io.cucumber.testng.PickleWrapper,io.cucumber.testng.FeatureWrapper)[pri:0, instance:testRunner.TestRunner@22ef9844]" started-at="2023-05-08T15:10:28 CDT" name="runScenario" description="Runs Cucumber Scenarios" data-provider="scenarios" finished-at="2023-05-08T15:10:32 CDT" duration-ms="3766" status="PASS">
          <params>
            <param index="0">
              <value>
                <![CDATA["Verifying invalid code in the text editor in Traversal page"]]>
              </value>
            </param>
            <param index="1">
              <value>
                <![CDATA["Optional[Vadilating the LinkedList page and its features]"]]>
              </value>
            </param>
          </params>
          <reporter-output>
          </reporter-output>
        </test-method> <!-- runScenario -->
        <test-method signature="runScenario(io.cucumber.testng.PickleWrapper,io.cucumber.testng.FeatureWrapper)[pri:0, instance:testRunner.TestRunner@22ef9844]" started-at="2023-05-08T15:10:32 CDT" name="runScenario" description="Runs Cucumber Scenarios" data-provider="scenarios" finished-at="2023-05-08T15:10:33 CDT" duration-ms="989" status="PASS">
          <params>
            <param index="0">
              <value>
                <![CDATA["Validating Insertion link and its features"]]>
              </value>
            </param>
            <param index="1">
              <value>
                <![CDATA["Optional[Vadilating the LinkedList page and its features]"]]>
              </value>
            </param>
          </params>
          <reporter-output>
          </reporter-output>
        </test-method> <!-- runScenario -->
        <test-method signature="runScenario(io.cucumber.testng.PickleWrapper,io.cucumber.testng.FeatureWrapper)[pri:0, instance:testRunner.TestRunner@22ef9844]" started-at="2023-05-08T15:10:33 CDT" name="runScenario" description="Runs Cucumber Scenarios" data-provider="scenarios" finished-at="2023-05-08T15:10:34 CDT" duration-ms="652" status="PASS">
          <params>
            <param index="0">
              <value>
                <![CDATA["Verifying valid code in the text editor in Insertion page"]]>
              </value>
            </param>
            <param index="1">
              <value>
                <![CDATA["Optional[Vadilating the LinkedList page and its features]"]]>
              </value>
            </param>
          </params>
          <reporter-output>
          </reporter-output>
        </test-method> <!-- runScenario -->
        <test-method signature="runScenario(io.cucumber.testng.PickleWrapper,io.cucumber.testng.FeatureWrapper)[pri:0, instance:testRunner.TestRunner@22ef9844]" started-at="2023-05-08T15:10:34 CDT" name="runScenario" description="Runs Cucumber Scenarios" data-provider="scenarios" finished-at="2023-05-08T15:10:37 CDT" duration-ms="3821" status="PASS">
          <params>
            <param index="0">
              <value>
                <![CDATA["Verifying invalid code in the text editor in Insertion page"]]>
              </value>
            </param>
            <param index="1">
              <value>
                <![CDATA["Optional[Vadilating the LinkedList page and its features]"]]>
              </value>
            </param>
          </params>
          <reporter-output>
          </reporter-output>
        </test-method> <!-- runScenario -->
        <test-method signature="runScenario(io.cucumber.testng.PickleWrapper,io.cucumber.testng.FeatureWrapper)[pri:0, instance:testRunner.TestRunner@22ef9844]" started-at="2023-05-08T15:10:37 CDT" name="runScenario" description="Runs Cucumber Scenarios" data-provider="scenarios" finished-at="2023-05-08T15:10:38 CDT" duration-ms="698" status="PASS">
          <params>
            <param index="0">
              <value>
                <![CDATA["Validating Deletion link and its features"]]>
              </value>
            </param>
            <param index="1">
              <value>
                <![CDATA["Optional[Vadilating the LinkedList page and its features]"]]>
              </value>
            </param>
          </params>
          <reporter-output>
          </reporter-output>
        </test-method> <!-- runScenario -->
        <test-method signature="runScenario(io.cucumber.testng.PickleWrapper,io.cucumber.testng.FeatureWrapper)[pri:0, instance:testRunner.TestRunner@22ef9844]" started-at="2023-05-08T15:10:38 CDT" name="runScenario" description="Runs Cucumber Scenarios" data-provider="scenarios" finished-at="2023-05-08T15:10:39 CDT" duration-ms="500" status="PASS">
          <params>
            <param index="0">
              <value>
                <![CDATA["Verifying valid code in the text editor in Deletion page"]]>
              </value>
            </param>
            <param index="1">
              <value>
                <![CDATA["Optional[Vadilating the LinkedList page and its features]"]]>
              </value>
            </param>
          </params>
          <reporter-output>
          </reporter-output>
        </test-method> <!-- runScenario -->
        <test-method signature="runScenario(io.cucumber.testng.PickleWrapper,io.cucumber.testng.FeatureWrapper)[pri:0, instance:testRunner.TestRunner@22ef9844]" started-at="2023-05-08T15:10:39 CDT" name="runScenario" description="Runs Cucumber Scenarios" data-provider="scenarios" finished-at="2023-05-08T15:10:42 CDT" duration-ms="3749" status="PASS">
          <params>
            <param index="0">
              <value>
                <![CDATA["Verifying invalid code in the text editor in Deletion page"]]>
              </value>
            </param>
            <param index="1">
              <value>
                <![CDATA["Optional[Vadilating the LinkedList page and its features]"]]>
              </value>
            </param>
          </params>
          <reporter-output>
          </reporter-output>
        </test-method> <!-- runScenario -->
        <test-method signature="runScenario(io.cucumber.testng.PickleWrapper,io.cucumber.testng.FeatureWrapper)[pri:0, instance:testRunner.TestRunner@22ef9844]" started-at="2023-05-08T15:10:42 CDT" name="runScenario" description="Runs Cucumber Scenarios" data-provider="scenarios" finished-at="2023-05-08T15:10:43 CDT" duration-ms="530" status="PASS">
          <params>
            <param index="0">
              <value>
                <![CDATA["Validate Stack page"]]>
              </value>
            </param>
            <param index="1">
              <value>
                <![CDATA["Optional[Stack]"]]>
              </value>
            </param>
          </params>
          <reporter-output>
          </reporter-output>
        </test-method> <!-- runScenario -->
        <test-method signature="runScenario(io.cucumber.testng.PickleWrapper,io.cucumber.testng.FeatureWrapper)[pri:0, instance:testRunner.TestRunner@22ef9844]" started-at="2023-05-08T15:10:43 CDT" name="runScenario" description="Runs Cucumber Scenarios" data-provider="scenarios" finished-at="2023-05-08T15:10:44 CDT" duration-ms="1229" status="PASS">
          <params>
            <param index="0">
              <value>
                <![CDATA["Validate 'Operations in Stack' link"]]>
              </value>
            </param>
            <param index="1">
              <value>
                <![CDATA["Optional[Stack]"]]>
              </value>
            </param>
          </params>
          <reporter-output>
          </reporter-output>
        </test-method> <!-- runScenario -->
        <test-method signature="runScenario(io.cucumber.testng.PickleWrapper,io.cucumber.testng.FeatureWrapper)[pri:0, instance:testRunner.TestRunner@22ef9844]" started-at="2023-05-08T15:10:44 CDT" name="runScenario" description="Runs Cucumber Scenarios" data-provider="scenarios" finished-at="2023-05-08T15:10:46 CDT" duration-ms="2285" status="PASS">
          <params>
            <param index="0">
              <value>
                <![CDATA["Validate  python code for 'Operations in Stack' tryEditor"]]>
              </value>
            </param>
            <param index="1">
              <value>
                <![CDATA["Optional[Stack]"]]>
              </value>
            </param>
          </params>
          <reporter-output>
          </reporter-output>
        </test-method> <!-- runScenario -->
        <test-method signature="runScenario(io.cucumber.testng.PickleWrapper,io.cucumber.testng.FeatureWrapper)[pri:0, instance:testRunner.TestRunner@22ef9844]" started-at="2023-05-08T15:10:46 CDT" name="runScenario" description="Runs Cucumber Scenarios" data-provider="scenarios" finished-at="2023-05-08T15:10:49 CDT" duration-ms="2559" status="PASS">
          <params>
            <param index="0">
              <value>
                <![CDATA["Validation invalid python code for 'Operations in Stack' TryEditor"]]>
              </value>
            </param>
            <param index="1">
              <value>
                <![CDATA["Optional[Stack]"]]>
              </value>
            </param>
          </params>
          <reporter-output>
          </reporter-output>
        </test-method> <!-- runScenario -->
        <test-method signature="runScenario(io.cucumber.testng.PickleWrapper,io.cucumber.testng.FeatureWrapper)[pri:0, instance:testRunner.TestRunner@22ef9844]" started-at="2023-05-08T15:10:49 CDT" name="runScenario" description="Runs Cucumber Scenarios" data-provider="scenarios" finished-at="2023-05-08T15:10:50 CDT" duration-ms="1100" status="PASS">
          <params>
            <param index="0">
              <value>
                <![CDATA["Validate 'Implementation' link"]]>
              </value>
            </param>
            <param index="1">
              <value>
                <![CDATA["Optional[Stack]"]]>
              </value>
            </param>
          </params>
          <reporter-output>
          </reporter-output>
        </test-method> <!-- runScenario -->
        <test-method signature="runScenario(io.cucumber.testng.PickleWrapper,io.cucumber.testng.FeatureWrapper)[pri:0, instance:testRunner.TestRunner@22ef9844]" started-at="2023-05-08T15:10:50 CDT" name="runScenario" description="Runs Cucumber Scenarios" data-provider="scenarios" finished-at="2023-05-08T15:10:52 CDT" duration-ms="2179" status="PASS">
          <params>
            <param index="0">
              <value>
                <![CDATA["Validate  python code for 'Implementation' tryEditor"]]>
              </value>
            </param>
            <param index="1">
              <value>
                <![CDATA["Optional[Stack]"]]>
              </value>
            </param>
          </params>
          <reporter-output>
          </reporter-output>
        </test-method> <!-- runScenario -->
        <test-method signature="runScenario(io.cucumber.testng.PickleWrapper,io.cucumber.testng.FeatureWrapper)[pri:0, instance:testRunner.TestRunner@22ef9844]" started-at="2023-05-08T15:10:52 CDT" name="runScenario" description="Runs Cucumber Scenarios" data-provider="scenarios" finished-at="2023-05-08T15:10:55 CDT" duration-ms="2566" status="PASS">
          <params>
            <param index="0">
              <value>
                <![CDATA["Validation invalid python code for 'Implementation' TryEditor"]]>
              </value>
            </param>
            <param index="1">
              <value>
                <![CDATA["Optional[Stack]"]]>
              </value>
            </param>
          </params>
          <reporter-output>
          </reporter-output>
        </test-method> <!-- runScenario -->
        <test-method signature="runScenario(io.cucumber.testng.PickleWrapper,io.cucumber.testng.FeatureWrapper)[pri:0, instance:testRunner.TestRunner@22ef9844]" started-at="2023-05-08T15:10:55 CDT" name="runScenario" description="Runs Cucumber Scenarios" data-provider="scenarios" finished-at="2023-05-08T15:10:56 CDT" duration-ms="941" status="PASS">
          <params>
            <param index="0">
              <value>
                <![CDATA["Validate 'Applications' link"]]>
              </value>
            </param>
            <param index="1">
              <value>
                <![CDATA["Optional[Stack]"]]>
              </value>
            </param>
          </params>
          <reporter-output>
          </reporter-output>
        </test-method> <!-- runScenario -->
        <test-method signature="runScenario(io.cucumber.testng.PickleWrapper,io.cucumber.testng.FeatureWrapper)[pri:0, instance:testRunner.TestRunner@22ef9844]" started-at="2023-05-08T15:10:56 CDT" name="runScenario" description="Runs Cucumber Scenarios" data-provider="scenarios" finished-at="2023-05-08T15:10:58 CDT" duration-ms="2161" status="PASS">
          <params>
            <param index="0">
              <value>
                <![CDATA["Validate  python code for 'Applications' tryEditor"]]>
              </value>
            </param>
            <param index="1">
              <value>
                <![CDATA["Optional[Stack]"]]>
              </value>
            </param>
          </params>
          <reporter-output>
          </reporter-output>
        </test-method> <!-- runScenario -->
        <test-method signature="runScenario(io.cucumber.testng.PickleWrapper,io.cucumber.testng.FeatureWrapper)[pri:0, instance:testRunner.TestRunner@22ef9844]" started-at="2023-05-08T15:10:58 CDT" name="runScenario" description="Runs Cucumber Scenarios" data-provider="scenarios" finished-at="2023-05-08T15:11:00 CDT" duration-ms="2288" status="PASS">
          <params>
            <param index="0">
              <value>
                <![CDATA["Validation invalid python code for 'Applications' TryEditor"]]>
              </value>
            </param>
            <param index="1">
              <value>
                <![CDATA["Optional[Stack]"]]>
              </value>
            </param>
          </params>
          <reporter-output>
          </reporter-output>
        </test-method> <!-- runScenario -->
        <test-method signature="runScenario(io.cucumber.testng.PickleWrapper,io.cucumber.testng.FeatureWrapper)[pri:0, instance:testRunner.TestRunner@22ef9844]" started-at="2023-05-08T15:11:00 CDT" name="runScenario" description="Runs Cucumber Scenarios" data-provider="scenarios" finished-at="2023-05-08T15:11:01 CDT" duration-ms="1111" status="PASS">
          <params>
            <param index="0">
              <value>
                <![CDATA["Validating the Queue page features"]]>
              </value>
            </param>
            <param index="1">
              <value>
                <![CDATA["Optional[Validating the Queue page and its features]"]]>
              </value>
            </param>
          </params>
          <reporter-output>
          </reporter-output>
        </test-method> <!-- runScenario -->
        <test-method signature="runScenario(io.cucumber.testng.PickleWrapper,io.cucumber.testng.FeatureWrapper)[pri:0, instance:testRunner.TestRunner@22ef9844]" started-at="2023-05-08T15:11:01 CDT" name="runScenario" description="Runs Cucumber Scenarios" data-provider="scenarios" finished-at="2023-05-08T15:11:02 CDT" duration-ms="551" status="PASS">
          <params>
            <param index="0">
              <value>
                <![CDATA["Verifying valid code in the text editor - Implementation of Queue in Python"]]>
              </value>
            </param>
            <param index="1">
              <value>
                <![CDATA["Optional[Validating the Queue page and its features]"]]>
              </value>
            </param>
          </params>
          <reporter-output>
          </reporter-output>
        </test-method> <!-- runScenario -->
        <test-method signature="runScenario(io.cucumber.testng.PickleWrapper,io.cucumber.testng.FeatureWrapper)[pri:0, instance:testRunner.TestRunner@22ef9844]" started-at="2023-05-08T15:11:02 CDT" name="runScenario" description="Runs Cucumber Scenarios" data-provider="scenarios" finished-at="2023-05-08T15:11:06 CDT" duration-ms="3705" status="PASS">
          <params>
            <param index="0">
              <value>
                <![CDATA["Verifying invalid code in the text editor - Implementation of Queue in Python"]]>
              </value>
            </param>
            <param index="1">
              <value>
                <![CDATA["Optional[Validating the Queue page and its features]"]]>
              </value>
            </param>
          </params>
          <reporter-output>
          </reporter-output>
        </test-method> <!-- runScenario -->
        <test-method signature="runScenario(io.cucumber.testng.PickleWrapper,io.cucumber.testng.FeatureWrapper)[pri:0, instance:testRunner.TestRunner@22ef9844]" started-at="2023-05-08T15:11:06 CDT" name="runScenario" description="Runs Cucumber Scenarios" data-provider="scenarios" finished-at="2023-05-08T15:11:06 CDT" duration-ms="630" status="PASS">
          <params>
            <param index="0">
              <value>
                <![CDATA["Validating Implementation using collections.deque and its features"]]>
              </value>
            </param>
            <param index="1">
              <value>
                <![CDATA["Optional[Validating the Queue page and its features]"]]>
              </value>
            </param>
          </params>
          <reporter-output>
          </reporter-output>
        </test-method> <!-- runScenario -->
        <test-method signature="runScenario(io.cucumber.testng.PickleWrapper,io.cucumber.testng.FeatureWrapper)[pri:0, instance:testRunner.TestRunner@22ef9844]" started-at="2023-05-08T15:11:06 CDT" name="runScenario" description="Runs Cucumber Scenarios" data-provider="scenarios" finished-at="2023-05-08T15:11:07 CDT" duration-ms="560" status="PASS">
          <params>
            <param index="0">
              <value>
                <![CDATA["Verifying valid code in the text editor - Implementation using collections.deque"]]>
              </value>
            </param>
            <param index="1">
              <value>
                <![CDATA["Optional[Validating the Queue page and its features]"]]>
              </value>
            </param>
          </params>
          <reporter-output>
          </reporter-output>
        </test-method> <!-- runScenario -->
        <test-method signature="runScenario(io.cucumber.testng.PickleWrapper,io.cucumber.testng.FeatureWrapper)[pri:0, instance:testRunner.TestRunner@22ef9844]" started-at="2023-05-08T15:11:07 CDT" name="runScenario" description="Runs Cucumber Scenarios" data-provider="scenarios" finished-at="2023-05-08T15:11:11 CDT" duration-ms="3869" status="PASS">
          <params>
            <param index="0">
              <value>
                <![CDATA["Verifying invalid code in the text editor - Implementation using collections.deque"]]>
              </value>
            </param>
            <param index="1">
              <value>
                <![CDATA["Optional[Validating the Queue page and its features]"]]>
              </value>
            </param>
          </params>
          <reporter-output>
          </reporter-output>
        </test-method> <!-- runScenario -->
        <test-method signature="runScenario(io.cucumber.testng.PickleWrapper,io.cucumber.testng.FeatureWrapper)[pri:0, instance:testRunner.TestRunner@22ef9844]" started-at="2023-05-08T15:11:11 CDT" name="runScenario" description="Runs Cucumber Scenarios" data-provider="scenarios" finished-at="2023-05-08T15:11:11 CDT" duration-ms="615" status="PASS">
          <params>
            <param index="0">
              <value>
                <![CDATA["Validating Implementation using array and its features"]]>
              </value>
            </param>
            <param index="1">
              <value>
                <![CDATA["Optional[Validating the Queue page and its features]"]]>
              </value>
            </param>
          </params>
          <reporter-output>
          </reporter-output>
        </test-method> <!-- runScenario -->
        <test-method signature="runScenario(io.cucumber.testng.PickleWrapper,io.cucumber.testng.FeatureWrapper)[pri:0, instance:testRunner.TestRunner@22ef9844]" started-at="2023-05-08T15:11:11 CDT" name="runScenario" description="Runs Cucumber Scenarios" data-provider="scenarios" finished-at="2023-05-08T15:11:12 CDT" duration-ms="545" status="PASS">
          <params>
            <param index="0">
              <value>
                <![CDATA["Verifying valid code in the text editor - Implementation using array"]]>
              </value>
            </param>
            <param index="1">
              <value>
                <![CDATA["Optional[Validating the Queue page and its features]"]]>
              </value>
            </param>
          </params>
          <reporter-output>
          </reporter-output>
        </test-method> <!-- runScenario -->
        <test-method signature="runScenario(io.cucumber.testng.PickleWrapper,io.cucumber.testng.FeatureWrapper)[pri:0, instance:testRunner.TestRunner@22ef9844]" started-at="2023-05-08T15:11:12 CDT" name="runScenario" description="Runs Cucumber Scenarios" data-provider="scenarios" finished-at="2023-05-08T15:11:16 CDT" duration-ms="3728" status="PASS">
          <params>
            <param index="0">
              <value>
                <![CDATA["Verifying invalid code in the text editor - Implementation using array"]]>
              </value>
            </param>
            <param index="1">
              <value>
                <![CDATA["Optional[Validating the Queue page and its features]"]]>
              </value>
            </param>
          </params>
          <reporter-output>
          </reporter-output>
        </test-method> <!-- runScenario -->
        <test-method signature="runScenario(io.cucumber.testng.PickleWrapper,io.cucumber.testng.FeatureWrapper)[pri:0, instance:testRunner.TestRunner@22ef9844]" started-at="2023-05-08T15:11:16 CDT" name="runScenario" description="Runs Cucumber Scenarios" data-provider="scenarios" finished-at="2023-05-08T15:11:16 CDT" duration-ms="618" status="PASS">
          <params>
            <param index="0">
              <value>
                <![CDATA["Validating Queue Operations and its features"]]>
              </value>
            </param>
            <param index="1">
              <value>
                <![CDATA["Optional[Validating the Queue page and its features]"]]>
              </value>
            </param>
          </params>
          <reporter-output>
          </reporter-output>
        </test-method> <!-- runScenario -->
        <test-method signature="runScenario(io.cucumber.testng.PickleWrapper,io.cucumber.testng.FeatureWrapper)[pri:0, instance:testRunner.TestRunner@22ef9844]" started-at="2023-05-08T15:11:16 CDT" name="runScenario" description="Runs Cucumber Scenarios" data-provider="scenarios" finished-at="2023-05-08T15:11:17 CDT" duration-ms="587" status="PASS">
          <params>
            <param index="0">
              <value>
                <![CDATA["Verifying valid code in the text editor - Implementation using array"]]>
              </value>
            </param>
            <param index="1">
              <value>
                <![CDATA["Optional[Validating the Queue page and its features]"]]>
              </value>
            </param>
          </params>
          <reporter-output>
          </reporter-output>
        </test-method> <!-- runScenario -->
        <test-method signature="runScenario(io.cucumber.testng.PickleWrapper,io.cucumber.testng.FeatureWrapper)[pri:0, instance:testRunner.TestRunner@22ef9844]" started-at="2023-05-08T15:11:17 CDT" name="runScenario" description="Runs Cucumber Scenarios" data-provider="scenarios" finished-at="2023-05-08T15:11:21 CDT" duration-ms="3821" status="PASS">
          <params>
            <param index="0">
              <value>
                <![CDATA["Verifying invalid code in the text editor - Implementation using array"]]>
              </value>
            </param>
            <param index="1">
              <value>
                <![CDATA["Optional[Validating the Queue page and its features]"]]>
              </value>
            </param>
          </params>
          <reporter-output>
          </reporter-output>
        </test-method> <!-- runScenario -->
        <test-method signature="runScenario(io.cucumber.testng.PickleWrapper,io.cucumber.testng.FeatureWrapper)[pri:0, instance:testRunner.TestRunner@22ef9844]" started-at="2023-05-08T15:11:21 CDT" name="runScenario" description="Runs Cucumber Scenarios" data-provider="scenarios" finished-at="2023-05-08T15:11:22 CDT" duration-ms="1294" status="PASS">
          <params>
            <param index="0">
              <value>
                <![CDATA["Validating the Tree page features"]]>
              </value>
            </param>
            <param index="1">
              <value>
                <![CDATA["Optional[Validating the Tree page and its features]"]]>
              </value>
            </param>
          </params>
          <reporter-output>
          </reporter-output>
        </test-method> <!-- runScenario -->
        <test-method signature="runScenario(io.cucumber.testng.PickleWrapper,io.cucumber.testng.FeatureWrapper)[pri:0, instance:testRunner.TestRunner@22ef9844]" started-at="2023-05-08T15:11:22 CDT" name="runScenario" description="Runs Cucumber Scenarios" data-provider="scenarios" finished-at="2023-05-08T15:11:23 CDT" duration-ms="628" status="PASS">
          <params>
            <param index="0">
              <value>
                <![CDATA["Verifying valid code in the text editor - Overview of Trees page"]]>
              </value>
            </param>
            <param index="1">
              <value>
                <![CDATA["Optional[Validating the Tree page and its features]"]]>
              </value>
            </param>
          </params>
          <reporter-output>
          </reporter-output>
        </test-method> <!-- runScenario -->
        <test-method signature="runScenario(io.cucumber.testng.PickleWrapper,io.cucumber.testng.FeatureWrapper)[pri:0, instance:testRunner.TestRunner@22ef9844]" started-at="2023-05-08T15:11:23 CDT" name="runScenario" description="Runs Cucumber Scenarios" data-provider="scenarios" finished-at="2023-05-08T15:11:26 CDT" duration-ms="3728" status="PASS">
          <params>
            <param index="0">
              <value>
                <![CDATA["Verifying invalid code in the text editor - Overview of Trees page"]]>
              </value>
            </param>
            <param index="1">
              <value>
                <![CDATA["Optional[Validating the Tree page and its features]"]]>
              </value>
            </param>
          </params>
          <reporter-output>
          </reporter-output>
        </test-method> <!-- runScenario -->
        <test-method signature="runScenario(io.cucumber.testng.PickleWrapper,io.cucumber.testng.FeatureWrapper)[pri:0, instance:testRunner.TestRunner@22ef9844]" started-at="2023-05-08T15:11:26 CDT" name="runScenario" description="Runs Cucumber Scenarios" data-provider="scenarios" finished-at="2023-05-08T15:11:27 CDT" duration-ms="722" status="PASS">
          <params>
            <param index="0">
              <value>
                <![CDATA["Validating Terminologies and its features"]]>
              </value>
            </param>
            <param index="1">
              <value>
                <![CDATA["Optional[Validating the Tree page and its features]"]]>
              </value>
            </param>
          </params>
          <reporter-output>
          </reporter-output>
        </test-method> <!-- runScenario -->
        <test-method signature="runScenario(io.cucumber.testng.PickleWrapper,io.cucumber.testng.FeatureWrapper)[pri:0, instance:testRunner.TestRunner@22ef9844]" started-at="2023-05-08T15:11:27 CDT" name="runScenario" description="Runs Cucumber Scenarios" data-provider="scenarios" finished-at="2023-05-08T15:11:27 CDT" duration-ms="468" status="PASS">
          <params>
            <param index="0">
              <value>
                <![CDATA["Verifying valid code in the text editor - Terminologies page"]]>
              </value>
            </param>
            <param index="1">
              <value>
                <![CDATA["Optional[Validating the Tree page and its features]"]]>
              </value>
            </param>
          </params>
          <reporter-output>
          </reporter-output>
        </test-method> <!-- runScenario -->
        <test-method signature="runScenario(io.cucumber.testng.PickleWrapper,io.cucumber.testng.FeatureWrapper)[pri:0, instance:testRunner.TestRunner@22ef9844]" started-at="2023-05-08T15:11:27 CDT" name="runScenario" description="Runs Cucumber Scenarios" data-provider="scenarios" finished-at="2023-05-08T15:11:31 CDT" duration-ms="3829" status="PASS">
          <params>
            <param index="0">
              <value>
                <![CDATA["Verifying invalid code in the text editor - Terminologies page"]]>
              </value>
            </param>
            <param index="1">
              <value>
                <![CDATA["Optional[Validating the Tree page and its features]"]]>
              </value>
            </param>
          </params>
          <reporter-output>
          </reporter-output>
        </test-method> <!-- runScenario -->
        <test-method signature="runScenario(io.cucumber.testng.PickleWrapper,io.cucumber.testng.FeatureWrapper)[pri:0, instance:testRunner.TestRunner@22ef9844]" started-at="2023-05-08T15:11:31 CDT" name="runScenario" description="Runs Cucumber Scenarios" data-provider="scenarios" finished-at="2023-05-08T15:11:32 CDT" duration-ms="717" status="PASS">
          <params>
            <param index="0">
              <value>
                <![CDATA["Validating Types of Trees and its features"]]>
              </value>
            </param>
            <param index="1">
              <value>
                <![CDATA["Optional[Validating the Tree page and its features]"]]>
              </value>
            </param>
          </params>
          <reporter-output>
          </reporter-output>
        </test-method> <!-- runScenario -->
[...]
            </param>
          </params>
          <reporter-output>
          </reporter-output>
        </test-method> <!-- runScenario -->
        <test-method signature="runScenario(io.cucumber.testng.PickleWrapper,io.cucumber.testng.FeatureWrapper)[pri:0, instance:testRunner.TestRunner@22ef9844]" started-at="2023-05-08T15:12:02 CDT" name="runScenario" description="Runs Cucumber Scenarios" data-provider="scenarios" finished-at="2023-05-08T15:12:03 CDT" duration-ms="904" status="PASS">
          <params>
            <param index="0">
              <value>
                <![CDATA["Validating Binary Tree Traversals and its features"]]>
              </value>
            </param>
            <param index="1">
              <value>
                <![CDATA["Optional[Validating the Tree page and its features]"]]>
              </value>
            </param>
          </params>
          <reporter-output>
          </reporter-output>
        </test-method> <!-- runScenario -->
        <test-method signature="runScenario(io.cucumber.testng.PickleWrapper,io.cucumber.testng.FeatureWrapper)[pri:0, instance:testRunner.TestRunner@22ef9844]" started-at="2023-05-08T15:12:03 CDT" name="runScenario" description="Runs Cucumber Scenarios" data-provider="scenarios" finished-at="2023-05-08T15:12:04 CDT" duration-ms="685" status="PASS">
          <params>
            <param index="0">
              <value>
                <![CDATA["Verifying valid code in the text editor - Binary Tree Traversals page"]]>
              </value>
            </param>
            <param index="1">
              <value>
                <![CDATA["Optional[Validating the Tree page and its features]"]]>
              </value>
            </param>
          </params>
          <reporter-output>
          </reporter-output>
        </test-method> <!-- runScenario -->
        <test-method signature="runScenario(io.cucumber.testng.PickleWrapper,io.cucumber.testng.FeatureWrapper)[pri:0, instance:testRunner.TestRunner@22ef9844]" started-at="2023-05-08T15:12:04 CDT" name="runScenario" description="Runs Cucumber Scenarios" data-provider="scenarios" finished-at="2023-05-08T15:12:08 CDT" duration-ms="3739" status="PASS">
          <params>
            <param index="0">
              <value>
                <![CDATA["Verifying invalid code in the text editor - Binary Tree Traversals page"]]>
              </value>
            </param>
            <param index="1">
              <value>
                <![CDATA["Optional[Validating the Tree page and its features]"]]>
              </value>
            </param>
          </params>
          <reporter-output>
          </reporter-output>
        </test-method> <!-- runScenario -->
        <test-method signature="runScenario(io.cucumber.testng.PickleWrapper,io.cucumber.testng.FeatureWrapper)[pri:0, instance:testRunner.TestRunner@22ef9844]" started-at="2023-05-08T15:12:08 CDT" name="runScenario" description="Runs Cucumber Scenarios" data-provider="scenarios" finished-at="2023-05-08T15:12:08 CDT" duration-ms="871" status="PASS">
          <params>
            <param index="0">
              <value>
                <![CDATA["Validating Implementation of Binary Trees and its features"]]>
              </value>
            </param>
            <param index="1">
              <value>
                <![CDATA["Optional[Validating the Tree page and its features]"]]>
              </value>
            </param>
          </params>
          <reporter-output>
          </reporter-output>
        </test-method> <!-- runScenario -->
        <test-method signature="runScenario(io.cucumber.testng.PickleWrapper,io.cucumber.testng.FeatureWrapper)[pri:0, instance:testRunner.TestRunner@22ef9844]" started-at="2023-05-08T15:12:08 CDT" name="runScenario" description="Runs Cucumber Scenarios" data-provider="scenarios" finished-at="2023-05-08T15:12:09 CDT" duration-ms="563" status="PASS">
          <params>
            <param index="0">
              <value>
                <![CDATA["Verifying valid code in the text editor - Implementation of Binary Trees page"]]>
              </value>
            </param>
            <param index="1">
              <value>
                <![CDATA["Optional[Validating the Tree page and its features]"]]>
              </value>
            </param>
          </params>
          <reporter-output>
          </reporter-output>
        </test-method> <!-- runScenario -->
        <test-method signature="runScenario(io.cucumber.testng.PickleWrapper,io.cucumber.testng.FeatureWrapper)[pri:0, instance:testRunner.TestRunner@22ef9844]" started-at="2023-05-08T15:12:09 CDT" name="runScenario" description="Runs Cucumber Scenarios" data-provider="scenarios" finished-at="2023-05-08T15:12:13 CDT" duration-ms="3762" status="PASS">
          <params>
            <param index="0">
              <value>
                <![CDATA["Verifying invalid code in the text editor - Implementation of Binary Trees page"]]>
              </value>
            </param>
            <param index="1">
              <value>
                <![CDATA["Optional[Validating the Tree page and its features]"]]>
              </value>
            </param>
          </params>
          <reporter-output>
          </reporter-output>
        </test-method> <!-- runScenario -->
        <test-method signature="runScenario(io.cucumber.testng.PickleWrapper,io.cucumber.testng.FeatureWrapper)[pri:0, instance:testRunner.TestRunner@22ef9844]" started-at="2023-05-08T15:12:13 CDT" name="runScenario" description="Runs Cucumber Scenarios" data-provider="scenarios" finished-at="2023-05-08T15:12:13 CDT" duration-ms="688" status="PASS">
          <params>
            <param index="0">
              <value>
                <![CDATA["Validating Applications of Binary trees and its features"]]>
              </value>
            </param>
            <param index="1">
              <value>
                <![CDATA["Optional[Validating the Tree page and its features]"]]>
              </value>
            </param>
          </params>
          <reporter-output>
          </reporter-output>
        </test-method> <!-- runScenario -->
        <test-method signature="runScenario(io.cucumber.testng.PickleWrapper,io.cucumber.testng.FeatureWrapper)[pri:0, instance:testRunner.TestRunner@22ef9844]" started-at="2023-05-08T15:12:13 CDT" name="runScenario" description="Runs Cucumber Scenarios" data-provider="scenarios" finished-at="2023-05-08T15:12:14 CDT" duration-ms="562" status="PASS">
          <params>
            <param index="0">
              <value>
                <![CDATA["Verifying valid code in the text editor - Applications of Binary trees page"]]>
              </value>
            </param>
            <param index="1">
              <value>
                <![CDATA["Optional[Validating the Tree page and its features]"]]>
              </value>
            </param>
          </params>
          <reporter-output>
          </reporter-output>
        </test-method> <!-- runScenario -->
        <test-method signature="runScenario(io.cucumber.testng.PickleWrapper,io.cucumber.testng.FeatureWrapper)[pri:0, instance:testRunner.TestRunner@22ef9844]" started-at="2023-05-08T15:12:14 CDT" name="runScenario" description="Runs Cucumber Scenarios" data-provider="scenarios" finished-at="2023-05-08T15:12:18 CDT" duration-ms="3809" status="PASS">
          <params>
            <param index="0">
              <value>
                <![CDATA["Verifying invalid code in the text editor - Applications of Binary trees page"]]>
              </value>
            </param>
            <param index="1">
              <value>
                <![CDATA["Optional[Validating the Tree page and its features]"]]>
              </value>
            </param>
          </params>
          <reporter-output>
          </reporter-output>
        </test-method> <!-- runScenario -->
        <test-method signature="runScenario(io.cucumber.testng.PickleWrapper,io.cucumber.testng.FeatureWrapper)[pri:0, instance:testRunner.TestRunner@22ef9844]" started-at="2023-05-08T15:12:18 CDT" name="runScenario" description="Runs Cucumber Scenarios" data-provider="scenarios" finished-at="2023-05-08T15:12:19 CDT" duration-ms="838" status="PASS">
          <params>
            <param index="0">
              <value>
                <![CDATA["Validating Binary Search Trees and its features"]]>
              </value>
            </param>
            <param index="1">
              <value>
                <![CDATA["Optional[Validating the Tree page and its features]"]]>
              </value>
            </param>
          </params>
          <reporter-output>
          </reporter-output>
        </test-method> <!-- runScenario -->
        <test-method signature="runScenario(io.cucumber.testng.PickleWrapper,io.cucumber.testng.FeatureWrapper)[pri:0, instance:testRunner.TestRunner@22ef9844]" started-at="2023-05-08T15:12:19 CDT" name="runScenario" description="Runs Cucumber Scenarios" data-provider="scenarios" finished-at="2023-05-08T15:12:19 CDT" duration-ms="637" status="PASS">
          <params>
            <param index="0">
              <value>
                <![CDATA["Verifying valid code in the text editor - Binary Search Trees page"]]>
              </value>
            </param>
            <param index="1">
              <value>
                <![CDATA["Optional[Validating the Tree page and its features]"]]>
              </value>
            </param>
          </params>
          <reporter-output>
          </reporter-output>
        </test-method> <!-- runScenario -->
        <test-method signature="runScenario(io.cucumber.testng.PickleWrapper,io.cucumber.testng.FeatureWrapper)[pri:0, instance:testRunner.TestRunner@22ef9844]" started-at="2023-05-08T15:12:19 CDT" name="runScenario" description="Runs Cucumber Scenarios" data-provider="scenarios" finished-at="2023-05-08T15:12:23 CDT" duration-ms="3805" status="PASS">
          <params>
            <param index="0">
              <value>
                <![CDATA["Verifying invalid code in the text editor - Binary Search Trees page"]]>
              </value>
            </param>
            <param index="1">
              <value>
                <![CDATA["Optional[Validating the Tree page and its features]"]]>
              </value>
            </param>
          </params>
          <reporter-output>
          </reporter-output>
        </test-method> <!-- runScenario -->
        <test-method signature="runScenario(io.cucumber.testng.PickleWrapper,io.cucumber.testng.FeatureWrapper)[pri:0, instance:testRunner.TestRunner@22ef9844]" started-at="2023-05-08T15:12:23 CDT" name="runScenario" description="Runs Cucumber Scenarios" data-provider="scenarios" finished-at="2023-05-08T15:12:24 CDT" duration-ms="724" status="PASS">
          <params>
            <param index="0">
              <value>
                <![CDATA["Validating Implementation Of BST and its features"]]>
              </value>
            </param>
            <param index="1">
              <value>
                <![CDATA["Optional[Validating the Tree page and its features]"]]>
              </value>
            </param>
          </params>
          <reporter-output>
          </reporter-output>
        </test-method> <!-- runScenario -->
        <test-method signature="runScenario(io.cucumber.testng.PickleWrapper,io.cucumber.testng.FeatureWrapper)[pri:0, instance:testRunner.TestRunner@22ef9844]" started-at="2023-05-08T15:12:24 CDT" name="runScenario" description="Runs Cucumber Scenarios" data-provider="scenarios" finished-at="2023-05-08T15:12:24 CDT" duration-ms="564" status="PASS">
          <params>
            <param index="0">
              <value>
                <![CDATA["Verifying valid code in the text editor - Implementation Of BST page"]]>
              </value>
            </param>
            <param index="1">
              <value>
                <![CDATA["Optional[Validating the Tree page and its features]"]]>
              </value>
            </param>
          </params>
          <reporter-output>
          </reporter-output>
        </test-method> <!-- runScenario -->
        <test-method signature="runScenario(io.cucumber.testng.PickleWrapper,io.cucumber.testng.FeatureWrapper)[pri:0, instance:testRunner.TestRunner@22ef9844]" started-at="2023-05-08T15:12:24 CDT" name="runScenario" description="Runs Cucumber Scenarios" data-provider="scenarios" finished-at="2023-05-08T15:12:28 CDT" duration-ms="3927" status="PASS">
          <params>
            <param index="0">
              <value>
                <![CDATA["Verifying invalid code in the text editor - Implementation Of BST page"]]>
              </value>
            </param>
            <param index="1">
              <value>
                <![CDATA["Optional[Validating the Tree page and its features]"]]>
              </value>
            </param>
          </params>
          <reporter-output>
          </reporter-output>
        </test-method> <!-- runScenario -->
        <test-method signature="runScenario(io.cucumber.testng.PickleWrapper,io.cucumber.testng.FeatureWrapper)[pri:0, instance:testRunner.TestRunner@22ef9844]" started-at="2023-05-08T15:12:28 CDT" name="runScenario" description="Runs Cucumber Scenarios" data-provider="scenarios" finished-at="2023-05-08T15:12:29 CDT" duration-ms="371" status="PASS">
          <params>
            <param index="0">
              <value>
                <![CDATA["Validate Graph page"]]>
              </value>
            </param>
            <param index="1">
              <value>
                <![CDATA["Optional[Graph]"]]>
              </value>
            </param>
          </params>
          <reporter-output>
          </reporter-output>
        </test-method> <!-- runScenario -->
        <test-method signature="runScenario(io.cucumber.testng.PickleWrapper,io.cucumber.testng.FeatureWrapper)[pri:0, instance:testRunner.TestRunner@22ef9844]" started-at="2023-05-08T15:12:29 CDT" name="runScenario" description="Runs Cucumber Scenarios" data-provider="scenarios" finished-at="2023-05-08T15:12:29 CDT" duration-ms="436" status="PASS">
          <params>
            <param index="0">
              <value>
                <![CDATA["Validate 'Graph' link"]]>
              </value>
            </param>
            <param index="1">
              <value>
                <![CDATA["Optional[Graph]"]]>
              </value>
            </param>
          </params>
          <reporter-output>
          </reporter-output>
        </test-method> <!-- runScenario -->
        <test-method signature="runScenario(io.cucumber.testng.PickleWrapper,io.cucumber.testng.FeatureWrapper)[pri:0, instance:testRunner.TestRunner@22ef9844]" started-at="2023-05-08T15:12:29 CDT" name="runScenario" description="Runs Cucumber Scenarios" data-provider="scenarios" finished-at="2023-05-08T15:12:30 CDT" duration-ms="571" status="PASS">
          <params>
            <param index="0">
              <value>
                <![CDATA["Validate 'Graph Representations' link"]]>
              </value>
            </param>
            <param index="1">
              <value>
                <![CDATA["Optional[Graph]"]]>
              </value>
            </param>
          </params>
          <reporter-output>
          </reporter-output>
        </test-method> <!-- runScenario -->
        <test-method signature="runScenario(io.cucumber.testng.PickleWrapper,io.cucumber.testng.FeatureWrapper)[pri:0, instance:testRunner.TestRunner@22ef9844]" started-at="2023-05-08T15:12:30 CDT" name="runScenario" description="Runs Cucumber Scenarios" data-provider="scenarios" finished-at="2023-05-08T15:12:32 CDT" duration-ms="2298" status="PASS">
          <params>
            <param index="0">
              <value>
                <![CDATA["Validate  python code for 'Graph' tryEditor"]]>
              </value>
            </param>
            <param index="1">
              <value>
                <![CDATA["Optional[Graph]"]]>
              </value>
            </param>
          </params>
          <reporter-output>
          </reporter-output>
        </test-method> <!-- runScenario -->
        <test-method signature="runScenario(io.cucumber.testng.PickleWrapper,io.cucumber.testng.FeatureWrapper)[pri:0, instance:testRunner.TestRunner@22ef9844]" started-at="2023-05-08T15:12:32 CDT" name="runScenario" description="Runs Cucumber Scenarios" data-provider="scenarios" finished-at="2023-05-08T15:12:34 CDT" duration-ms="2251" status="PASS">
          <params>
            <param index="0">
              <value>
                <![CDATA["Validation invalid python code for 'Graph' TryEditor"]]>
              </value>
            </param>
            <param index="1">
              <value>
                <![CDATA["Optional[Graph]"]]>
              </value>
            </param>
          </params>
          <reporter-output>
          </reporter-output>
        </test-method> <!-- runScenario -->
        <test-method signature="runScenario(io.cucumber.testng.PickleWrapper,io.cucumber.testng.FeatureWrapper)[pri:0, instance:testRunner.TestRunner@22ef9844]" started-at="2023-05-08T15:12:34 CDT" name="runScenario" description="Runs Cucumber Scenarios" data-provider="scenarios" finished-at="2023-05-08T15:12:36 CDT" duration-ms="2075" status="PASS">
          <params>
            <param index="0">
              <value>
                <![CDATA["Validate  python code for 'Graph Representations' tryEditor"]]>
              </value>
            </param>
            <param index="1">
              <value>
                <![CDATA["Optional[Graph]"]]>
              </value>
            </param>
          </params>
          <reporter-output>
          </reporter-output>
        </test-method> <!-- runScenario -->
        <test-method signature="runScenario(io.cucumber.testng.PickleWrapper,io.cucumber.testng.FeatureWrapper)[pri:0, instance:testRunner.TestRunner@22ef9844]" started-at="2023-05-08T15:12:36 CDT" name="runScenario" description="Runs Cucumber Scenarios" data-provider="scenarios" finished-at="2023-05-08T15:12:39 CDT" duration-ms="2158" status="PASS">
          <params>
            <param index="0">
              <value>
                <![CDATA["Validation invalid python code for 'Graph Representations' TryEditor"]]>
              </value>
            </param>
            <param index="1">
              <value>
                <![CDATA["Optional[Graph]"]]>
              </value>
            </param>
          </params>
          <reporter-output>
          </reporter-output>
        </test-method> <!-- runScenario -->
        <test-method signature="runScenario(io.cucumber.testng.PickleWrapper,io.cucumber.testng.FeatureWrapper)[pri:0, instance:testRunner.TestRunner@22ef9844]" started-at="2023-05-08T15:12:39 CDT" name="runScenario" description="Runs Cucumber Scenarios" data-provider="scenarios" finished-at="2023-05-08T15:12:39 CDT" duration-ms="238" status="PASS">
          <params>
            <param index="0">
              <value>
                <![CDATA["Validate Practice Question link"]]>
              </value>
            </param>
            <param index="1">
              <value>
                <![CDATA["Optional[Graph]"]]>
              </value>
            </param>
          </params>
          <reporter-output>
          </reporter-output>
        </test-method> <!-- runScenario -->
        <test-method is-config="true" signature="tearDownClass()[pri:0, instance:testRunner.TestRunner@22ef9844]" started-at="2023-05-08T15:12:39 CDT" name="tearDownClass" finished-at="2023-05-08T15:12:43 CDT" duration-ms="3837" status="PASS">
          <reporter-output>
          </reporter-output>
        </test-method> <!-- tearDownClass -->
      </class> <!-- testRunner.TestRunner -->
    </test> <!-- Default test -->
  </suite> <!-- Default suite -->
</testng-results>
